The system is: Windows - 10.0.19045 - AMD64
Compiling the C compiler identification source file "CMakeCCompilerId.c" succeeded.
Compiler:  
Build flags: 
Id flags:  

The output was:
0
MSBuild version 17.4.0+18d5aef85 for .NET Framework
Compilação de 03/01/2023 08:18:07 iniciada.
Projeto "C:\Users\lucas\OneDrive\Área de Trabalho\Projeto\PACKAGES\yfinance-timeframe-changer\yfinance_timeframe_converter\converter\module\win32\build\CMakeFiles\3.24.1\CompilerIdC\CompilerIdC.vcxproj" no nó 1 (destinos padrão).
PrepareForBuild:
  Criando o diretório "Debug\".
  Criando o diretório "Debug\CompilerIdC.tlog\".
InitializeBuildStatus:
  Criando "Debug\CompilerIdC.tlog\unsuccessfulbuild" porque "AlwaysCreate" foi especificado.
ClCompile:
  C:\Program Files\Microsoft Visual Studio\2022\Community\VC\Tools\MSVC\14.34.31933\bin\HostX64\x64\CL.exe /c /nologo /W0 /WX- /diagnostics:column /Od /D _MBCS /Gm- /EHsc /RTC1 /MDd /GS /fp:precise /Zc:wchar_t /Zc:forScope /Zc:inline /Fo"Debug\\" /Fd"Debug\vc143.pdb" /external:W0 /Gd /TC /FC /errorReport:queue CMakeCCompilerId.c
  CMakeCCompilerId.c
Link:
  C:\Program Files\Microsoft Visual Studio\2022\Community\VC\Tools\MSVC\14.34.31933\bin\HostX64\x64\link.exe /ERRORREPORT:QUEUE /OUT:".\CompilerIdC.exe" /INCREMENTAL:NO /NOLOGO kernel32.lib user32.lib gdi32.lib winspool.lib comdlg32.lib advapi32.lib shell32.lib ole32.lib oleaut32.lib uuid.lib odbc32.lib odbccp32.lib /MANIFEST /MANIFESTUAC:"level='asInvoker' uiAccess='false'" /manifest:embed /PDB:".\CompilerIdC.pdb" /SUBSYSTEM:CONSOLE /TLBID:1 /DYNAMICBASE /NXCOMPAT /IMPLIB:".\CompilerIdC.lib" /MACHINE:X64 Debug\CMakeCCompilerId.obj
  CompilerIdC.vcxproj -> C:\Users\lucas\OneDrive\Área de Trabalho\Projeto\PACKAGES\yfinance-timeframe-changer\yfinance_timeframe_converter\converter\module\win32\build\CMakeFiles\3.24.1\CompilerIdC\CompilerIdC.exe
PostBuildEvent:
  for %%i in (cl.exe) do @echo CMAKE_C_COMPILER=%%~$PATH:i
  :VCEnd
  CMAKE_C_COMPILER=C:\Program Files\Microsoft Visual Studio\2022\Community\VC\Tools\MSVC\14.34.31933\bin\Hostx64\x64\cl.exe
FinalizeBuildStatus:
  Excluindo o arquivo "Debug\CompilerIdC.tlog\unsuccessfulbuild".
  Tocando "Debug\CompilerIdC.tlog\CompilerIdC.lastbuildstate".
Projeto de compilação pronto "C:\Users\lucas\OneDrive\Área de Trabalho\Projeto\PACKAGES\yfinance-timeframe-changer\yfinance_timeframe_converter\converter\module\win32\build\CMakeFiles\3.24.1\CompilerIdC\CompilerIdC.vcxproj" (destinos padrão).

Compilação com êxito.
    0 Aviso(s)
    0 Erro(s)

Tempo Decorrido 00:00:02.81


Compilation of the C compiler identification source "CMakeCCompilerId.c" produced "CompilerIdC.exe"

Compilation of the C compiler identification source "CMakeCCompilerId.c" produced "CompilerIdC.vcxproj"

The C compiler identification is MSVC, found in "C:/Users/lucas/OneDrive/Área de Trabalho/Projeto/PACKAGES/yfinance-timeframe-changer/yfinance_timeframe_converter/converter/module/win32/build/CMakeFiles/3.24.1/CompilerIdC/CompilerIdC.exe"

Compiling the CXX compiler identification source file "CMakeCXXCompilerId.cpp" succeeded.
Compiler:  
Build flags: 
Id flags:  

The output was:
0
MSBuild version 17.4.0+18d5aef85 for .NET Framework
Compilação de 03/01/2023 08:18:10 iniciada.
Projeto "C:\Users\lucas\OneDrive\Área de Trabalho\Projeto\PACKAGES\yfinance-timeframe-changer\yfinance_timeframe_converter\converter\module\win32\build\CMakeFiles\3.24.1\CompilerIdCXX\CompilerIdCXX.vcxproj" no nó 1 (destinos padrão).
PrepareForBuild:
  Criando o diretório "Debug\".
  Criando o diretório "Debug\CompilerIdCXX.tlog\".
InitializeBuildStatus:
  Criando "Debug\CompilerIdCXX.tlog\unsuccessfulbuild" porque "AlwaysCreate" foi especificado.
ClCompile:
  C:\Program Files\Microsoft Visual Studio\2022\Community\VC\Tools\MSVC\14.34.31933\bin\HostX64\x64\CL.exe /c /nologo /W0 /WX- /diagnostics:column /Od /D _MBCS /Gm- /EHsc /RTC1 /MDd /GS /fp:precise /Zc:wchar_t /Zc:forScope /Zc:inline /Fo"Debug\\" /Fd"Debug\vc143.pdb" /external:W0 /Gd /TP /FC /errorReport:queue CMakeCXXCompilerId.cpp
  CMakeCXXCompilerId.cpp
Link:
  C:\Program Files\Microsoft Visual Studio\2022\Community\VC\Tools\MSVC\14.34.31933\bin\HostX64\x64\link.exe /ERRORREPORT:QUEUE /OUT:".\CompilerIdCXX.exe" /INCREMENTAL:NO /NOLOGO kernel32.lib user32.lib gdi32.lib winspool.lib comdlg32.lib advapi32.lib shell32.lib ole32.lib oleaut32.lib uuid.lib odbc32.lib odbccp32.lib /MANIFEST /MANIFESTUAC:"level='asInvoker' uiAccess='false'" /manifest:embed /PDB:".\CompilerIdCXX.pdb" /SUBSYSTEM:CONSOLE /TLBID:1 /DYNAMICBASE /NXCOMPAT /IMPLIB:".\CompilerIdCXX.lib" /MACHINE:X64 Debug\CMakeCXXCompilerId.obj
  CompilerIdCXX.vcxproj -> C:\Users\lucas\OneDrive\Área de Trabalho\Projeto\PACKAGES\yfinance-timeframe-changer\yfinance_timeframe_converter\converter\module\win32\build\CMakeFiles\3.24.1\CompilerIdCXX\CompilerIdCXX.exe
PostBuildEvent:
  for %%i in (cl.exe) do @echo CMAKE_CXX_COMPILER=%%~$PATH:i
  :VCEnd
  CMAKE_CXX_COMPILER=C:\Program Files\Microsoft Visual Studio\2022\Community\VC\Tools\MSVC\14.34.31933\bin\Hostx64\x64\cl.exe
FinalizeBuildStatus:
  Excluindo o arquivo "Debug\CompilerIdCXX.tlog\unsuccessfulbuild".
  Tocando "Debug\CompilerIdCXX.tlog\CompilerIdCXX.lastbuildstate".
Projeto de compilação pronto "C:\Users\lucas\OneDrive\Área de Trabalho\Projeto\PACKAGES\yfinance-timeframe-changer\yfinance_timeframe_converter\converter\module\win32\build\CMakeFiles\3.24.1\CompilerIdCXX\CompilerIdCXX.vcxproj" (destinos padrão).

Compilação com êxito.
    0 Aviso(s)
    0 Erro(s)

Tempo Decorrido 00:00:00.90


Compilation of the CXX compiler identification source "CMakeCXXCompilerId.cpp" produced "CompilerIdCXX.exe"

Compilation of the CXX compiler identification source "CMakeCXXCompilerId.cpp" produced "CompilerIdCXX.vcxproj"

The CXX compiler identification is MSVC, found in "C:/Users/lucas/OneDrive/Área de Trabalho/Projeto/PACKAGES/yfinance-timeframe-changer/yfinance_timeframe_converter/converter/module/win32/build/CMakeFiles/3.24.1/CompilerIdCXX/CompilerIdCXX.exe"

Detecting C compiler ABI info compiled with the following output:
Change Dir: C:/Users/lucas/OneDrive/Área de Trabalho/Projeto/PACKAGES/yfinance-timeframe-changer/yfinance_timeframe_converter/converter/module/win32/build/CMakeFiles/CMakeTmp

Run Build Command(s):C:/Program Files/Microsoft Visual Studio/2022/Community/MSBuild/Current/Bin/amd64/MSBuild.exe cmTC_71b29.vcxproj /p:Configuration=Debug /p:Platform=x64 /p:VisualStudioVersion=17.0 /v:m && MSBuild version 17.4.0+18d5aef85 for .NET Framework
  Microsoft (R) C/C++ Optimizing Compiler Versão 19.34.31933 para x64
  CMakeCCompilerABI.c
  Copyright (C) Microsoft Corporation. Todos os direitos reservados.
  cl /c /Zi /W1 /WX- /diagnostics:column /Od /Ob0 /D _MBCS /D WIN32 /D _WINDOWS /D "CMAKE_INTDIR=\"Debug\"" /Gm- /RTC1 /MDd /GS /fp:precise /Zc:wchar_t /Zc:forScope /Zc:inline /Fo"cmTC_71b29.dir\Debug\\" /Fd"cmTC_71b29.dir\Debug\vc143.pdb" /external:W1 /Gd /TC /errorReport:queue "C:\cmake-3.24.1-windows-x86_64\share\cmake-3.24\Modules\CMakeCCompilerABI.c"
  cmTC_71b29.vcxproj -> C:\Users\lucas\OneDrive\Área de Trabalho\Projeto\PACKAGES\yfinance-timeframe-changer\yfinance_timeframe_converter\converter\module\win32\build\CMakeFiles\CMakeTmp\Debug\cmTC_71b29.exe



Detecting CXX compiler ABI info compiled with the following output:
Change Dir: C:/Users/lucas/OneDrive/Área de Trabalho/Projeto/PACKAGES/yfinance-timeframe-changer/yfinance_timeframe_converter/converter/module/win32/build/CMakeFiles/CMakeTmp

Run Build Command(s):C:/Program Files/Microsoft Visual Studio/2022/Community/MSBuild/Current/Bin/amd64/MSBuild.exe cmTC_b76e4.vcxproj /p:Configuration=Debug /p:Platform=x64 /p:VisualStudioVersion=17.0 /v:m && MSBuild version 17.4.0+18d5aef85 for .NET Framework
  Microsoft (R) C/C++ Optimizing Compiler Versão 19.34.31933 para x64
  CMakeCXXCompilerABI.cpp
  Copyright (C) Microsoft Corporation. Todos os direitos reservados.
  cl /c /Zi /W1 /WX- /diagnostics:column /Od /Ob0 /D _MBCS /D WIN32 /D _WINDOWS /D "CMAKE_INTDIR=\"Debug\"" /Gm- /EHsc /RTC1 /MDd /GS /fp:precise /Zc:wchar_t /Zc:forScope /Zc:inline /Fo"cmTC_b76e4.dir\Debug\\" /Fd"cmTC_b76e4.dir\Debug\vc143.pdb" /external:W1 /Gd /TP /errorReport:queue "C:\cmake-3.24.1-windows-x86_64\share\cmake-3.24\Modules\CMakeCXXCompilerABI.cpp"
  cmTC_b76e4.vcxproj -> C:\Users\lucas\OneDrive\Área de Trabalho\Projeto\PACKAGES\yfinance-timeframe-changer\yfinance_timeframe_converter\converter\module\win32\build\CMakeFiles\CMakeTmp\Debug\cmTC_b76e4.exe



